<?xml version="1.0" encoding="UTF-8"?>
<testsuites>
  <testsuite name="CodeIgniter Application Test Suite" tests="25" assertions="23" failures="0" errors="0" time="2.055749">
    <testsuite name="display_test" file="C:\xampp\htdocs\ADPL\application\tests\controllers\Welcome_test.php" fullPackage="display" tests="11" assertions="12" failures="0" errors="0" time="0.945075">
      <testcase name="test_display_index" class="display_test" file="C:\xampp\htdocs\ADPL\application\tests\controllers\Welcome_test.php" line="19" assertions="1" time="0.089319"/>
      <testcase name="test_display_login" class="display_test" file="C:\xampp\htdocs\ADPL\application\tests\controllers\Welcome_test.php" line="25" assertions="1" time="0.067797"/>
      <testcase name="test_display_login_mimin" class="display_test" file="C:\xampp\htdocs\ADPL\application\tests\controllers\Welcome_test.php" line="31" assertions="1" time="0.065379"/>
      <testcase name="test_display_categorize" class="display_test" file="C:\xampp\htdocs\ADPL\application\tests\controllers\Welcome_test.php" line="37" assertions="1" time="0.075852"/>
      <testcase name="test_login" class="display_test" file="C:\xampp\htdocs\ADPL\application\tests\controllers\Welcome_test.php" line="43" assertions="1" time="0.104669"/>
      <testcase name="test_display_dashboard" class="display_test" file="C:\xampp\htdocs\ADPL\application\tests\controllers\Welcome_test.php" line="57" assertions="0" time="0.068087"/>
      <testcase name="test_Logout" class="display_test" file="C:\xampp\htdocs\ADPL\application\tests\controllers\Welcome_test.php" line="63" assertions="3" time="0.112336"/>
      <testcase name="test_register_cus" class="display_test" file="C:\xampp\htdocs\ADPL\application\tests\controllers\Welcome_test.php" line="71" assertions="1" time="0.119200"/>
      <testcase name="test_register_eo" class="display_test" file="C:\xampp\htdocs\ADPL\application\tests\controllers\Welcome_test.php" line="88" assertions="1" time="0.127300"/>
      <testcase name="test_method_404" class="display_test" file="C:\xampp\htdocs\ADPL\application\tests\controllers\Welcome_test.php" line="105" assertions="1" time="0.068625"/>
      <testcase name="test_APPPATH" class="display_test" file="C:\xampp\htdocs\ADPL\application\tests\controllers\Welcome_test.php" line="111" assertions="1" time="0.046511"/>
    </testsuite>
    <testsuite name="eo_test" file="C:\xampp\htdocs\ADPL\application\tests\controllers\eo_test.php" fullPackage="eo" tests="2" assertions="1" failures="0" errors="0" time="0.101136">
      <testcase name="test_Login_eo" class="eo_test" file="C:\xampp\htdocs\ADPL\application\tests\controllers\eo_test.php" line="19" assertions="1" time="0.056581"/>
      <testcase name="test_display_Dashboard_eo" class="eo_test" file="C:\xampp\htdocs\ADPL\application\tests\controllers\eo_test.php" line="34" assertions="0" time="0.044555"/>
    </testsuite>
    <testsuite name="false_test" file="C:\xampp\htdocs\ADPL\application\tests\controllers\false_test.php" fullPackage="false" tests="9" assertions="9" failures="0" errors="0" time="0.864564">
      <testcase name="test_false_login_admin" class="false_test" file="C:\xampp\htdocs\ADPL\application\tests\controllers\false_test.php" line="21" assertions="1" time="0.094231"/>
      <testcase name="test_false_login_cus" class="false_test" file="C:\xampp\htdocs\ADPL\application\tests\controllers\false_test.php" line="63" assertions="1" time="0.099006"/>
      <testcase name="test_false_login_non_cus" class="false_test" file="C:\xampp\htdocs\ADPL\application\tests\controllers\false_test.php" line="77" assertions="1" time="0.097158"/>
      <testcase name="test_false_login_eo" class="false_test" file="C:\xampp\htdocs\ADPL\application\tests\controllers\false_test.php" line="91" assertions="1" time="0.093698"/>
      <testcase name="test_false_login_non_eo" class="false_test" file="C:\xampp\htdocs\ADPL\application\tests\controllers\false_test.php" line="105" assertions="1" time="0.098235"/>
      <testcase name="test_null_login" class="false_test" file="C:\xampp\htdocs\ADPL\application\tests\controllers\false_test.php" line="119" assertions="1" time="0.094671"/>
      <testcase name="test_register_null" class="false_test" file="C:\xampp\htdocs\ADPL\application\tests\controllers\false_test.php" line="133" assertions="1" time="0.096374"/>
      <testcase name="test_register_cus_sv" class="false_test" file="C:\xampp\htdocs\ADPL\application\tests\controllers\false_test.php" line="150" assertions="1" time="0.092432"/>
      <testcase name="test_register_eo_sv" class="false_test" file="C:\xampp\htdocs\ADPL\application\tests\controllers\false_test.php" line="167" assertions="1" time="0.098759"/>
    </testsuite>
    <testsuite name="user_test" file="C:\xampp\htdocs\ADPL\application\tests\controllers\user_test.php" fullPackage="user" tests="3" assertions="1" failures="0" errors="0" time="0.144974">
      <testcase name="test_Login_cus" class="user_test" file="C:\xampp\htdocs\ADPL\application\tests\controllers\user_test.php" line="19" assertions="1" time="0.055977"/>
      <testcase name="test_Dashboard_cus" class="user_test" file="C:\xampp\htdocs\ADPL\application\tests\controllers\user_test.php" line="34" assertions="0" time="0.044838"/>
      <testcase name="test_booking" class="user_test" file="C:\xampp\htdocs\ADPL\application\tests\controllers\user_test.php" line="40" assertions="0" time="0.044159"/>
    </testsuite>
  </testsuite>
</testsuites>
